<?xml version="1.0"?>
<testsuite name="HeadlessChrome 72.0.3626 (Windows 10.0.0)" package="" timestamp="2019-03-12T13:31:40" id="0" hostname="DESKTOP-L7UUJDL" tests="2" errors="0" failures="0" time="0.114">
  <properties>
    <property name="browser.fullName" value="Mozilla/5.0 (Windows NT 10.0; Win64; x64) AppleWebKit/537.36 (KHTML, like Gecko) HeadlessChrome/72.0.3626.121 Safari/537.36"/>
  </properties>
  <testcase name="Test1Component should match vsota" time="0.032" classname="HeadlessChrome_72_0_3626_(Windows_10_0_0).Test1Component"/>
  <testcase name="Test1Component should create" time="0.082" classname="HeadlessChrome_72_0_3626_(Windows_10_0_0).Test1Component"/>
  <system-out>
    <![CDATA[HeadlessChrome 72.0.3626 (Windows 10.0.0) LOG: 12

]]>
  </system-out>
  <system-err/>
</testsuite>